-29112
-425422
-1
-103705
-113116
221198
128655
-4
-292132
0
-412494
-2
0
-2
343338
408043
-3
-231217
-124688
-85631
-180288
-403770
-222894
-331898
-236446
-1
-253455
-3
-301151
-231079
-5
-63684
-365394
302932
0
-2
-34036
-105234
-482374
150419
-3
0
-67921
0
183340
-358919
-1
-3
-395750
374183
-458138
-449175
-29111
-425421
0
-103704
-113115
221199
128656
-3
-292131
147943
-412493
-1
261499
-1
343339
408044
-2
-231216
-124687
-85630
-180287
-403769
-222893
-331897
-236445
0
-253454
-2
-301150
-231078
-4
-63683
-365393
302933
15507
-1
-34035
-105233
-482373
150420
-2
290138
-67920
286901
183341
-358918
0
-2
-395749
374184
-458137
-449174
-29110
-425420
302748
-103703
-113114
221200
128657
-2
-292130
147944
-412492
0
261500
0
343340
408045
-1
-231215
-124686
-85629
-180286
-403768
-222892
-331896
-236444
436676
-253453
-1
-301149
-231077
-3
-63682
-365392
302934
15508
0
-34034
-105232
-482372
150421
-1
290139
-67919
286902
183342
-358917
172279
-1
-395748
374185
-458136
-449173
-29109
-425419
302749
-103702
-113113
221201
128658
-1
-292129
147945
-412491
1
261501
417730
343341
408046
0
-231214
-124685
-85628
-180285
-403767
-222891
-331895
-236443
436677
-253452
0
-301148
-231076
-2
-63681
-365391
302935
15509
337314
-34033
-105231
-482371
150422
0
290140
-67918
286903
183343
-358916
172280
0
-395747
374186
-458135
-449172
-29108
-425418
302750
-103701
-113112
221202
128659
0
-292128
147946
-412490
292722
261502
417731
343342
408047
1
-231213
-124684
-85627
-180284
-403766
-222890
-331894
-236442
436678
-253451
1
-301147
-231075
-1
-63680
-365390
302936
15510
337315
-34032
-105230
-482370
150423
1
290141
-67917
286904
183344
-358915
172281
1
-395746
374187
-458134
-449171
-29107
-425417
302751
-103700
-113111
221203
128660
1
-292127
147947
-412489
292723
261503
417732
343343
408048
452773
-231212
-124683
-85626
-180283
-403765
-222889
-331893
-236441
436679
-253450
167946
-301146
-231074
0
-63679
-365389
302937
15511
337316
-34031
-105229
-482369
150424
484055
290142
-67916
286905
183345
-358914
172282
2
-395745
374188
-458133
-449170
-29106
-425416
302752
-103699
-113110
221204
128661
2
-292126
147948
-412488
292724
261504
417733
343344
408049
452774
-231211
-124682
-85625
-180282
-403764
-222888
-331892
-236440
436680
-253449
167947
-301145
-231073
1
-63678
-365388
302938
15512
337317
-34030
-105228
-482368
150425
484056
290143
-67915
286906
183346
-358913
172283
436821
-2
374189
-458132
-449169
-2
-425415
302753
-103698
-113109
221205
128662
3
-292125
147949
-412487
292725
261505
417734
343345
408050
452775
-231210
-124681
-85624
-180281
-403763
-222887
-331891
-236439
436681
-253448
167948
-301144
-231072
2
-63677
-365387
302939
15513
337318
-34029
-105227
-482367
150426
484057
290144
-67914
286907
183347
-358912
172284
436822
-1
374190
-458131
-449168
-1
-425414
302754
-103697
-113108
221206
128663
222511
-292124
147950
-1
292726
261506
417735
343346
408051
452776
-231209
-124680
-85623
-180280
-1
-222886
-331890
-236438
436682
-253447
167949
-301143
-231071
3
-63676
-1
302940
15514
337319
-34028
-105226
-482366
150427
484058
290145
-67913
286908
183348
-358911
172285
436823
0
374191
-458130
-449167
0
-1
302755
-103696
-113107
221207
128664
222512
-1
147951
0
292727
261507
417736
343347
408052
452777
-231208
-1
-1
-180279
0
-222885
-331889
-236437
436683
-253446
167950
0
-231070
4
-63675
0
302941
15515
337320
0
-105225
-482365
150428
484059
290146
0
286909
183349
-358910
172286
436824
1
374192
0
-449166
1
0
302756
-103695
-113106
221208
128665
222513
0
147952
1
292728
261508
417737
343348
408053
452778
-231207
0
0
-180278
1
-222884
-331888
-236436
436684
0
167951
1
-231069
5
0
1
302942
15516
337321
1
-105224
-482364
150429
484060
290147
1
286910
183350
0
172287
436825
2
374193
1
0
2
1
302757
0
-113105
221209
128666
222514
1
147953
2
292729
261509
417738
343349
408054
452779
0
1
1
0
2
-222883
0
0
436685
1
167952
