Case #1: CAB
Case #2: MJA
Case #3: OCDE
Case #4: BBAAA
Case #5: CCCABBBAB
Case #6: CCCBAABAB
Case #7: ZXCASDQWE
Case #8: BB
Case #9: BBA
Case #10: BAA
Case #11: CCCBAAAABBBBBBA
Case #12: CCCCCBBBBBAAAAA
Case #13: CBBBBBAAAAAABBB
Case #14: DCCBAAAAAAAAAA
Case #15: CBBBBBBBAAAAAA
Case #16: CBBAAAAAAAAAA
Case #17: CCCCCCAAABBBABA
Case #18: OMCLEDIHAFKJNBG
Case #19: AAA
Case #20: CCCCBBBAABAAABB
Case #21: ZXFHKRYFTLXDSSP
Case #22: OFNLKJMHGIEDCBA
Case #23: CAB
Case #24: CCCCCBABAAAAABA
Case #25: CCCCCBBAAAAAA
Case #26: OENIJMKHGFDLCBA
Case #27: DDCBBAAAAAABA
Case #28: CCCCCCBBBAAAABB
Case #29: CCCCCABBBBAAABA
Case #30: CCCCCBBBBBAAAAA
Case #31: DCBBBBBBBAAAA
Case #32: ZRLNLNJQYBXPPKN
Case #33: ZAAAA
Case #34: ONKJBHFLIDMEACG
Case #35: ZEDCBAYXWU
Case #36: WWFDRJRFQTMJTFD
Case #37: CCCCCBAAABBBABA
Case #38: ZABCD
Case #39: BA
Case #40: CCCCCBBBBBAAAAA
Case #41: RRBAACADABA
Case #42: BAAA
Case #43: DDCBBBAAAACAB
Case #44: MMLAHFCABDEGIJK
Case #45: ONMKCBAEFJHDGIL
Case #46: CBBBBAAAAAAAA
Case #47: ZDCBA
Case #48: CBA
Case #49: ZWVDLGMHMKNLSKM
Case #50: CCCBABBBBAAABAB
Case #51: CBA
Case #52: CCCCCAAAABBAABA
Case #53: ZAYBXCWDUE
Case #54: CCCCCBBBBBAAAAA
Case #55: CCCCCBBBBBAAAAA
Case #56: CBA
Case #57: CCCBAABBAAABAAB
Case #58: CBA
Case #59: BBA
Case #60: AA
Case #61: ZYTPJWSFXQKVPYS
Case #62: OKNCMJILGFHAEBD
Case #63: CCCCCBAAAABBBAB
Case #64: CCCCBBBBAABAABB
Case #65: BA
Case #66: CCCCCCCCCAABABA
Case #67: MMKAIDBACEFGHJL
Case #68: ZDABC
Case #69: CCCCCBBBBBAAAAA
Case #70: CCCCCABBAAABABB
Case #71: ONKJIBGDEFCHAML
Case #72: BBBBBAAAAAAAA
Case #73: BAAA
Case #74: BAA
Case #75: CCCCCAAAABBBBBA
Case #76: Z
Case #77: ONLCAFGJIDHBKEM
Case #78: BBB
Case #79: MMLKJIHGFECAADB
Case #80: ZADBC
Case #81: CCCCCABBBABABBA
Case #82: CCCCBBAAAABBBAB
Case #83: BAA
Case #84: MMBDEHALKJIGFCA
Case #85: MMKIGFEDCABHJLA
Case #86: MMABCDEFHJALKIG
Case #87: CCCCCABBBAABBAA
Case #88: BAAA
Case #89: A
Case #90: CAAABBAABBBBBBB
Case #91: ONLKJBADEFGHICM
Case #92: CCCBAAAABABAB
Case #93: OMDLAJKIHBFECNG
Case #94: BAAA
Case #95: BBA
Case #96: DDCBAAAABCACB
Case #97: ZABYCXDWEU
Case #98: CCCCCBBBBBAAAAA
Case #99: ZACBA
Case #100: CCCCAAABBABBABB
