4 11 12 13 10 3 5 7 9 6 2 8 1
1795757227
1209180018
8 10 13 11 2 9 6 7 5 4 1 12 3
1155583772
12 3 10 9 2 5 8 13 1 7 6 4 11
3913871862
2965473965
5 13 6 1 12 2 4 8 3 9 11 10 7
5550861378
3125238178
6 13 7 10 9 4 3 11 1 2 8 5 12
2981035610
4603976129
6 9 13 10 5 8 11 1 2 7 12 4 3
2866076235
2806539217
5 3 7 10 4 2 12 11 1 8 13 6 9
5 4 1 11 10 7 8 13 3 2 12 6 9
7 11 2 8 3 4 5 12 9 13 6 1 10
11 9 10 3 2 1 5 4 12 6 13 8 7
928569839
5708957289
2375221311
8 9 13 10 11 6 7 2 12 4 1 3 5
3 9 12 7 5 4 13 11 6 1 2 10 8
12 5 1 7 10 3 2 9 13 6 8 4 11
11 5 7 3 9 1 4 8 10 2 13 12 6
11 9 8 12 5 13 4 1 10 3 7 6 2
787492509
5366836659
11 9 7 6 8 3 4 1 13 5 12 10 2
7 12 6 10 9 1 8 11 5 13 3 2 4
3242560903
4290133589
3802356763
8 9 11 5 13 12 4 6 3 7 2 1 10
4 7 2 8 6 10 5 13 3 12 11 9 1
12 7 13 1 9 10 6 8 2 5 3 11 4
1 2 6 7 9 5 11 10 3 12 13 8 4
2718436362
13 10 3 5 4 1 11 8 12 9 7 2 6
1071136367
4053556069
942519935
4262453697
3342574950
820600770
13 2 8 4 7 1 10 11 5 6 12 3 9
392387811
8 7 9 1 4 13 3 12 11 6 5 2 10
1491994687
1600844543
9 4 10 8 7 2 6 12 5 1 11 13 3
10 7 8 13 12 5 11 1 3 6 2 9 4
6061605434
5 4 1 9 13 12 8 6 7 3 10 11 2
5 13 4 3 12 2 7 11 10 9 8 1 6
3476815145
3105400672
10 7 11 12 2 4 3 6 5 1 8 13 9
230322769
6 12 8 7 5 4 11 9 13 1 2 3 10
318987849
1010174431
10 5 11 12 9 2 7 1 8 3 13 4 6
1080736994
2701051410
1437433368
6186673356
3 6 12 5 10 13 9 1 8 4 2 7 11
8 11 6 2 7 9 1 10 13 4 12 5 3
3 12 9 5 13 8 2 11 6 4 7 10 1
6 5 13 8 3 7 1 11 12 9 2 10 4
2753874262
1375345099
695186954
696655538
2535009285
5 11 8 4 3 7 2 6 9 1 12 13 10
5 2 12 7 8 10 1 3 13 6 11 9 4
243032020
174437128
5806622675
5 7 13 1 11 2 12 4 10 6 8 9 3
10 9 12 8 5 1 11 6 3 4 2 13 7
5178627617
599202158
520542825
8 6 2 4 7 10 5 13 1 3 12 11 9
4001477323
1955147638
2705500705
4162164028
6062948998
6 3 8 11 4 13 7 1 5 12 9 10 2
11 10 2 3 9 5 8 7 1 12 4 6 13
1597094863
1 7 13 2 4 9 10 11 8 12 6 5 3
5761629805
5 12 10 9 11 3 7 1 13 8 2 6 4
8 9 13 1 2 5 7 6 3 4 12 10 11
1704172414
2 9 11 4 12 1 10 6 5 13 7 3 8
689056337
2336778763
12 7 5 3 1 10 13 9 11 4 2 8 6
5894282755
5 12 10 3 6 7 9 2 8 1 11 13 4
1428555405
8 13 3 12 7 2 4 1 11 9 6 5 10
5154746306
8 2 7 5 4 11 6 9 13 12 1 10 3
11 5 7 6 8 1 9 4 12 10 13 2 3
6 10 13 3 11 2 7 8 9 12 4 1 5
6 11 5 8 13 10 2 1 3 4 9 7 12
1622530739
5 4 12 7 1 10 6 3 8 9 13 2 11
22447708
5 12 9 6 10 1 13 8 4 3 11 7 2
4070386561
7 10 11 6 8 5 9 1 13 2 12 3 4
5302633018
4142925695
5295925799
2152087035
9 12 2 7 6 3 13 11 10 1 5 8 4
702207704
2 12 1 8 9 3 13 6 10 7 5 11 4
10 6 5 8 9 1 12 11 4 13 2 3 7
68818045
5 8 2 3 11 4 6 13 1 9 10 12 7
11 9 2 5 3 1 7 8 13 4 10 12 6
1206002797
6054570891
5037336082
2011115584
5 2 9 12 4 1 10 3 6 13 11 8 7
7 11 2 6 8 5 12 10 1 4 9 3 13
339929071
2098757533
11 4 10 5 8 3 12 13 9 1 2 7 6
6149709331
2699272313
3974354079
9 2 4 13 1 7 10 11 3 12 8 5 6
2 10 12 4 6 13 9 8 3 11 7 5 1
12 2 7 8 9 6 5 13 4 10 3 11 1
998319670
6114895330
5424055822
5993805519
1826830237
5688646387
2 12 9 6 7 10 3 8 4 13 11 5 1
5697524512
13 11 5 8 7 1 6 9 3 2 4 10 12
3807091245
1 4 7 12 11 13 2 8 5 6 10 9 3
9 4 13 12 11 8 6 5 7 3 10 1 2
1738273940
2749425844
5 2 13 1 4 12 11 6 10 7 9 3 8
5185323984
11 8 1 12 4 5 6 13 10 3 2 9 7
8 5 6 7 2 9 1 11 13 12 10 4 3
5 6 9 7 1 2 12 10 4 3 11 13 8
1715679614
4 12 5 8 1 13 9 10 7 6 2 3 11
4108302285
3 13 11 1 10 6 2 12 4 9 5 7 8
2701255899
2 5 10 4 3 6 9 13 12 8 11 1 7
5604824244
12 8 13 9 10 2 1 11 6 4 7 5 3
7 6 11 8 5 2 1 9 3 13 12 10 4
3813457192
296657010
1 10 8 4 9 13 2 5 6 7 11 12 3
4 3 7 1 8 11 9 2 5 6 13 12 10
546578374
2 13 11 3 10 6 7 12 5 9 1 4 8
1 5 8 9 7 13 3 4 11 12 10 2 6
12 8 3 1 2 10 6 7 11 4 9 13 5
11 6 2 8 9 7 4 5 10 1 12 3 13
605547890
5085866466
3764768231
3133096407
7 11 12 2 8 5 10 1 6 9 13 3 4
3 12 5 10 2 7 11 9 1 4 6 8 13
1 11 10 5 6 3 2 12 4 8 13 9 7
5300041963
5 6 2 3 8 9 13 1 12 4 7 11 10
6 11 12 3 4 1 9 10 13 2 7 8 5
2775215986
9 6 8 5 12 3 2 4 1 7 11 10 13
2196303249
1126496231
2943395511
5976853520
1636118586
11 6 2 5 8 3 10 12 4 13 1 7 9
2649907810
6 8 2 3 1 10 13 12 9 4 11 5 7
11 5 3 10 4 12 8 1 9 6 13 2 7
4204115587
2 8 1 6 10 11 9 12 4 5 13 3 7
12 10 2 8 7 1 4 3 11 9 6 5 13
9 12 7 13 3 5 10 1 8 6 11 4 2
3895000832
1977960405
4699154338
10 1 8 11 5 12 2 9 4 6 3 13 7
11 6 2 8 10 9 7 5 3 12 4 13 1
4 1 13 12 6 2 5 10 8 3 7 11 9
11 9 6 4 3 7 10 1 13 2 12 5 8
3215053596
5637111550
3 1 13 10 6 7 12 2 11 5 8 9 4
3 13 6 11 5 1 4 10 8 7 2 9 12
5674499715
4994733068
5 8 11 2 3 4 10 12 1 13 6 7 9
1237581986
2 8 7 11 9 4 1 12 10 6 3 5 13
5 2 13 6 10 12 4 3 9 1 7 11 8
2596838127
13 4 12 5 6 10 2 7 8 3 9 1 11
4 10 2 5 6 13 7 9 1 12 8 11 3
3696012126
4 13 9 6 11 10 5 7 3 12 8 2 1
1803703771
1 6 8 11 13 9 7 12 2 5 3 4 10
10 12 7 9 13 11 8 5 3 2 1 6 4
6 12 2 13 9 3 11 1 7 5 8 4 10
10 3 13 6 1 9 11 12 5 4 7 2 8
1452147012
1 9 8 5 3 10 6 4 7 13 2 11 12
4406119667
4622274690
2139482367
3 7 12 8 5 9 4 11 10 1 2 13 6
2415757206
7 12 2 1 4 10 5 8 6 9 11 13 3
7 12 13 4 11 10 5 2 3 8 1 9 6
2908612204
5 1 8 6 7 10 2 3 11 12 4 9 13
3582487246
1 2 11 4 8 3 12 10 5 13 6 9 7
234313455
1713106638
1293501465
1 7 3 10 5 6 12 13 2 4 8 9 11
10 4 11 8 1 7 6 3 9 5 2 13 12
412839588
2402804210
4426914692
9 1 10 3 11 7 12 8 2 5 6 4 13
6 11 13 12 2 3 1 5 7 9 8 10 4
6 8 13 5 3 4 1 2 12 10 11 9 7
3942636632
4875043555
4461173880
5166825864
1516719605
2839425900
1948525934
2497521240
4237374279
1426528228
7 2 4 1 6 5 12 8 13 11 3 10 9
1217544568
902491529
4 13 3 11 6 8 5 1 9 12 2 7 10
10 3 4 9 13 5 8 12 11 6 2 7 1
1464760011
276821871
3 9 13 6 1 8 2 4 5 7 12 10 11
3271295925
3 8 10 12 7 13 11 6 2 5 1 4 9
2573044280
5116583193
2218132300
6041278988
13 11 10 9 1 8 12 6 7 4 5 2 3
5 12 4 9 3 13 6 1 2 8 7 11 10
8 10 5 13 3 4 11 1 6 7 9 12 2
3243385682
3381871913
6 1 8 10 2 3 5 9 12 4 13 7 11
6 5 1 10 12 9 11 3 8 4 13 2 7
12 2 7 11 4 3 6 5 8 10 9 13 1
2271451913
12 6 7 10 8 13 3 5 1 2 4 9 11
5293483363
1346828123
9 13 6 12 7 1 10 4 11 2 8 3 5
9 3 10 7 5 11 6 12 13 4 8 2 1
12 5 7 13 2 8 6 1 11 10 3 9 4
36240614
6 9 8 3 13 2 4 11 12 7 5 10 1
5587381588
8 2 5 11 12 6 9 1 4 10 7 13 3
9 2 3 13 1 11 7 8 12 6 5 10 4
2747603585
6 7 9 10 1 5 13 4 3 11 2 12 8
8 9 7 13 11 12 4 3 6 5 2 10 1
5655480950
3534097689
2778048382
1 5 9 8 12 2 11 13 3 4 6 10 7
12 6 9 3 13 11 8 2 5 7 1 4 10
2 1 7 12 4 5 13 10 11 9 6 3 8
2795030530
4435364680
12 2 11 8 9 3 5 13 7 6 4 1 10
5638437232
7 13 2 12 9 6 4 11 10 3 5 8 1
1553184043
10 2 9 11 13 8 12 4 7 1 6 5 3
1814040678
1298145846
3903363035
5223628723
8 12 13 11 10 4 7 9 1 3 2 6 5
3468631715
4380784144
2547848084
5577176918
6 7 2 3 5 12 11 9 10 4 8 13 1
10 3 8 12 6 7 2 13 9 1 5 4 11
242926310
3723667769
6000919289
8 2 4 1 13 10 12 11 5 7 3 9 6
960880969
2795797506
577964544
2584562608
3 9 2 7 1 10 8 13 4 6 11 5 12
8 12 5 4 7 1 3 11 6 9 2 13 10
167271126
6 3 4 11 1 5 9 13 8 10 12 2 7
5257931372
9 1 3 12 13 10 5 6 8 2 11 4 7
11 5 13 8 1 12 3 2 9 10 7 4 6
5 12 11 6 10 1 3 4 13 7 9 8 2
3621933338
9 6 2 12 11 1 10 13 5 7 4 8 3
7 3 2 11 1 12 6 9 13 8 4 10 5
4395762764
4 6 11 2 1 8 13 9 7 5 10 12 3
12 4 8 3 11 1 9 10 5 13 2 7 6
4626907580
1380898619
13 1 2 5 6 7 9 8 4 3 12 11 10
7 3 1 8 13 11 6 5 4 9 2 10 12
6 1 5 4 10 11 2 8 7 13 12 9 3
1436913539
5747354114
1422244829
12 11 2 10 5 7 4 13 8 3 1 6 9
2 3 4 6 1 12 13 9 11 10 8 5 7
8 11 13 5 2 4 7 9 1 3 12 10 6
7 10 11 9 13 5 1 2 4 8 3 12 6
4 2 5 6 7 9 12 8 1 3 13 11 10
5389875040
1376977773
1045717757
4 5 8 1 10 12 6 2 13 3 11 7 9
4 6 8 1 7 5 10 11 2 3 12 13 9
11 1 9 4 12 2 7 10 5 8 3 13 6
4085181665
12 9 2 5 4 11 8 3 13 7 1 6 10
9 1 13 8 11 2 3 5 12 10 7 6 4
3 6 11 4 10 1 12 8 5 2 9 7 13
5 13 10 9 6 4 2 12 8 3 1 7 11
1414473050
1593853496
2268849821
4 10 12 6 1 2 11 8 9 13 5 7 3
10 1 9 8 11 12 2 13 7 4 5 6 3
9 12 1 10 3 13 8 2 4 5 11 7 6
3759175547
9 11 7 3 13 2 6 4 8 12 10 1 5
1610096106
8 3 11 12 1 4 5 6 13 10 2 9 7
2 3 1 12 7 10 5 4 8 11 6 9 13
5772775934
5705616523
3520277145
2309077106
3862894763
2057011469
8 3 13 7 10 9 1 6 11 4 5 2 12
3518010902
1839505499
4806623993
10 7 6 5 2 9 11 4 8 1 13 3 12
8 7 12 9 1 13 10 5 11 6 3 4 2
3335656419
5875974888
4 13 5 8 11 12 3 1 6 9 10 7 2
13 10 9 1 8 6 12 3 5 4 7 2 11
3057692126
2460994606
8 3 2 13 11 6 9 5 7 10 12 1 4
2 4 5 9 6 12 11 7 8 3 1 13 10
194776887
7 3 5 13 6 4 8 1 10 11 2 9 12
224853804
13 8 10 3 7 9 5 1 12 2 4 6 11
4356081319
5686870582
1407902349
5314889630
3 8 4 1 13 12 6 7 2 9 5 11 10
3 8 9 13 12 4 1 6 10 7 5 2 11
3 8 1 12 4 11 13 5 9 7 6 2 10
3 9 7 10 6 1 2 5 13 4 12 11 8
5423250992
8 12 2 6 9 3 1 7 11 4 10 13 5
5479661022
8 10 5 4 1 3 11 6 13 7 9 2 12
5582946358
11 8 3 6 7 9 10 5 13 2 4 1 12
6045285690
110190007
6 3 10 9 1 8 7 2 11 4 13 12 5
3216510528
5317349100
2598990263
5699961070
2760588098
1682558027
4286364797
165933544
9 10 13 11 2 6 1 7 3 8 4 5 12
1603062264
2694771423
4839823276
3 2 1 9 8 10 13 12 6 11 5 7 4
10 3 13 7 1 8 11 12 6 2 9 4 5
3 5 9 6 7 12 1 11 13 8 2 10 4
4076981760
8 10 6 7 2 9 1 4 12 5 11 3 13
1602950369
11 7 3 9 4 1 6 5 10 2 8 12 13
13 1 2 4 9 3 11 8 12 10 7 6 5
5 12 2 11 3 8 1 6 9 7 10 4 13
9 4 5 1 2 13 8 3 7 10 6 12 11
7 4 3 13 2 1 5 12 11 9 6 8 10
3108351304
2136461017
13 4 7 12 1 3 5 9 6 8 2 11 10
5259569948
1405112395
9 7 1 6 4 2 8 12 5 13 10 3 11
8 1 5 13 2 4 12 9 6 11 3 10 7
3 4 8 7 5 10 2 11 13 1 12 9 6
8 12 7 11 3 2 4 10 9 13 1 5 6
4298360749
4 8 11 9 7 2 13 10 3 1 6 12 5
2215016557
6 11 5 2 12 9 1 8 7 13 4 3 10
11 2 6 5 10 4 13 1 7 12 8 3 9
2821542347
2 6 3 13 1 9 12 7 10 8 5 11 4
5 10 1 7 11 6 12 8 9 2 13 4 3
13 9 4 11 12 6 2 8 10 7 1 5 3
521434769
1493577606
4 10 3 6 12 11 13 5 2 1 8 9 7
6 12 2 5 4 8 7 1 11 9 13 10 3
4 2 1 8 5 7 12 10 3 6 9 13 11
2827769901
1446358984
2967897244
4065795669
7 5 11 13 1 3 4 10 9 12 2 8 6
3470686746
9 2 8 6 3 7 13 4 12 5 11 10 1
9 8 2 3 11 5 10 1 6 12 13 4 7
4811002956
3641740077
3114160789
13 5 1 11 4 10 6 9 3 2 12 7 8
3425797800
11 8 9 7 10 12 4 6 3 13 2 1 5
4 9 1 2 10 12 5 7 13 8 3 11 6
2090900898
7 8 6 5 9 1 4 13 3 11 2 12 10
9 7 1 2 12 10 13 4 11 6 5 3 8
12 4 3 1 6 2 5 8 10 11 7 13 9
11 8 12 4 1 9 7 3 13 5 10 2 6
1142700180
5 12 13 2 6 8 1 4 9 3 11 10 7
3679265853
11 7 3 9 6 12 10 4 8 2 13 1 5
5721319502
120730796
4723256015
10 5 7 4 2 3 11 12 9 6 13 8 1
6 5 11 1 3 8 2 10 7 13 4 9 12
1508291002
554370999
363066078
3 13 7 5 11 2 6 4 9 10 1 8 12
2030398610
11 3 10 4 13 5 6 8 9 1 12 7 2
6 3 11 1 5 7 12 8 13 9 2 4 10
59757925
4 3 13 2 1 5 11 8 12 9 6 10 7
9 1 2 4 8 13 7 6 12 11 3 10 5
3708017566
1040545679
3211681697
5066937691
13 10 5 2 3 4 8 11 9 12 1 7 6
4 9 13 10 5 11 7 3 12 6 1 2 8
3059719156
12 7 10 3 8 1 4 9 2 11 5 6 13
2268217347
4418629667
3675716662
5 6 11 12 9 4 10 7 13 2 3 1 8
1 13 5 7 9 11 3 12 2 6 8 10 4
2246401162
9 6 13 4 2 3 8 5 11 1 7 12 10
10 5 7 1 9 4 3 11 2 13 8 12 6
11 4 9 6 1 3 8 5 7 2 10 12 13
103835473
8 12 13 9 3 4 2 11 10 5 1 7 6
1 12 11 4 3 10 6 7 9 13 5 2 8
1168115177
2 5 12 6 13 10 9 8 11 1 7 4 3
8 3 12 7 1 6 11 13 5 10 4 9 2
5 12 4 9 3 6 7 10 8 2 13 1 11
6 10 2 13 8 11 12 9 3 1 4 7 5
9 12 11 13 3 6 8 1 5 7 4 10 2
8 11 4 2 1 10 7 5 13 6 3 12 9
5 8 12 6 11 9 13 3 10 2 7 4 1
2583565826
12 11 7 1 2 10 6 8 13 9 4 3 5
4641914812
4 3 7 8 13 9 1 10 6 5 11 2 12
4 3 11 7 2 10 12 9 13 6 1 5 8
1 2 13 7 5 3 8 4 9 6 11 10 12
5257654861
4 5 2 8 9 6 13 12 7 10 1 3 11
5 13 11 1 7 6 3 12 2 10 8 4 9
2203057239
13 3 10 1 8 9 4 7 12 11 5 6 2
5 9 10 12 6 7 11 2 1 3 4 13 8
105977602
12 6 10 9 7 8 3 4 13 1 11 2 5
6 1 4 13 5 9 8 7 12 11 3 10 2
1 12 2 4 7 9 11 10 3 6 5 13 8
13 12 4 1 11 7 2 6 10 8 9 5 3
430289658
9 3 4 10 1 11 8 13 5 7 6 2 12
10 2 9 13 12 6 5 4 7 3 1 8 11
3722877260
8 10 12 11 2 5 6 13 3 4 9 7 1
8 7 12 4 1 5 10 11 6 9 3 13 2
493592212
741147571
2 7 10 6 3 11 12 8 4 1 5 9 13
13 9 5 3 1 11 7 8 4 10 12 6 2
797252010
13 12 4 6 5 1 10 11 7 8 3 2 9
10 4 1 9 2 5 6 11 7 8 12 3 13
3 2 1 11 9 6 13 7 4 5 12 10 8
3 12 7 9 4 8 2 5 11 10 6 1 13
5 13 7 9 2 3 6 10 12 8 11 4 1
2 1 13 11 3 6 12 10 5 8 9 7 4
1719872290
1540405767
6186974282
2972459195
8 13 5 1 12 3 4 10 6 11 2 7 9
13 6 9 11 4 5 1 3 12 8 10 7 2
12 1 4 10 8 6 13 3 11 9 7 2 5
3481159306
10 13 12 9 7 5 2 3 11 6 8 1 4
5 11 1 7 3 4 10 6 12 2 8 13 9
5316764003
4411001050
1 13 9 2 3 4 8 6 11 7 12 10 5
2 10 11 4 9 7 6 13 5 8 12 3 1
731425676
1621063379
2136463128
4637371228
2 13 5 12 11 6 9 3 1 4 7 10 8
1 4 5 9 7 10 11 12 13 6 3 8 2
5859836162
13 9 4 1 12 7 2 10 8 3 11 6 5
4375115912
10 4 12 8 3 13 7 11 2 5 1 9 6
3 1 8 13 12 4 2 7 5 11 9 6 10
1937307452
3 7 5 11 9 8 13 12 6 1 10 2 4
3 11 1 10 7 6 5 13 4 2 9 8 12
12 4 2 1 13 7 6 3 5 9 10 11 8
5 7 4 10 1 6 9 3 2 11 13 8 12
1424857829
3 9 8 1 5 10 2 11 6 7 4 12 13
6 9 11 8 5 1 3 10 13 2 4 7 12
8 3 9 5 2 7 1 13 11 4 12 6 10
1398111062
1791329575
1244646766
4 3 1 11 5 2 7 10 6 13 12 8 9
527273105
6 9 12 10 7 2 5 4 11 3 8 1 13
4287448655
12 2 9 5 8 3 6 4 10 1 11 13 7
5 4 7 10 8 1 12 11 13 2 9 6 3
4491327637
8 6 4 2 5 10 3 9 12 11 1 7 13
3726528967
939279891
3351016645
13 4 12 5 9 1 3 11 2 10 8 6 7
5096361868
3 13 7 12 11 2 5 8 10 9 4 6 1
7 12 2 10 9 6 3 1 4 11 5 8 13
3143337175
2829369433
4150648918
1031119993
12 4 11 6 8 1 9 10 5 2 3 13 7
1489111982
11 2 3 1 9 13 8 4 7 5 12 6 10
12 10 13 6 7 5 8 2 3 4 9 11 1
1491933020
379330622
