1 0
2 0
3 0
4 0
5 0
6 1
7 0
8 0
9 0
10 0
11 3
12 0
13 0
14 0
15 0
16 0
17 3
18 3
19 0
20 0
21 0
22 0
23 0
24 1
25 6
26 0
27 3
28 0
29 0
30 0
31 0
32 0
33 3
34 3
35 6
36 0
37 0
38 3
39 0
40 0
41 0
42 0
43 3
44 3
45 6
46 0
47 6
48 0
49 0
50 0
51 3
52 0
53 0
54 1
55 6
56 0
57 6
58 6
59 0
60 0
61 6
62 0
63 0
64 0
65 0
66 3
67 3
68 3
69 6
70 0
71 6
72 3
73 6
74 0
75 0
76 0
77 6
78 0
79 0
80 0
81 3
82 3
83 9
84 0
85 6
86 3
87 6
88 0
89 3
90 6
91 0
92 0
93 0
94 0
95 6
96 1
97 6
98 0
99 6
100 6
101 0
102 3
103 12
104 0
105 6
106 0
107 0
108 3
109 6
110 0
111 0
112 0
113 3
114 3
115 12
116 0
117 6
118 3
119 6
120 0
121 3
122 6
123 9
124 0
125 6
126 0
127 0
128 0
129 3
130 6
131 3
132 3
133 6
134 0
135 6
136 3
137 12
138 0
139 3
140 6
141 6
142 0
143 6
144 0
145 6
146 3
147 6
148 0
149 0
150 1
151 6
152 3
153 12
154 6
155 0
156 0
157 12
158 0
159 6
160 0
161 6
162 6
163 12
164 0
165 0
166 6
167 0
168 0
169 6
170 0
171 12
172 3
173 6
174 0
175 6
176 3
177 9
178 6
179 3
180 6
181 6
182 0
183 6
184 0
185 6
186 0
187 15
188 6
189 0
190 0
191 6
192 0
193 3
194 3
195 12
196 0
197 12
198 6
199 6
200 0
201 3
202 6
203 6
204 3
205 12
206 0
207 6
208 0
209 9
210 6
211 0
212 0
213 6
214 3
215 12
216 1
217 6
218 6
219 6
220 6
221 0
222 0
223 18
224 0
225 12
226 0
227 3
228 6
229 12
230 0
231 0
232 6
233 3
234 6
235 12
236 0
237 12
238 0
239 0
240 0
241 9
242 3
243 9
244 6
245 12
246 3
247 12
248 0
249 3
250 6
251 6
252 0
253 12
254 0
255 12
256 0
257 9
258 9
259 0
260 0
261 6
262 3
263 6
264 3
265 12
266 6
267 9
268 3
269 6
270 0
271 12
272 3
273 6
274 3
275 9
276 6
277 12
278 6
279 6
280 0
281 6
282 0
283 9
284 6
285 6
286 0
287 12
288 3
289 6
290 0
291 9
292 6
293 6
294 1
295 6
296 0
297 21
298 12
299 6
300 0
301 12
302 0
303 12
304 0
305 0
306 6
307 15
308 6
309 0
310 6
311 12
312 0
313 12
314 0
315 12
316 0
317 0
318 0
319 12
320 0
321 12
322 12
323 3
324 3
325 18
326 3
327 6
328 3
329 6
330 6
331 9
332 9
333 18
334 0
335 6
336 0
337 12
338 0
339 9
340 6
341 0
342 3
343 12
344 3
345 6
346 6
347 12
348 6
349 6
350 0
351 0
352 0
353 15
354 3
355 18
356 3
357 18
358 3
359 12
360 6
361 3
362 6
363 9
364 0
365 12
366 0
367 12
368 0
369 18
370 12
371 0
372 0
373 12
374 3
375 6
376 0
377 6
378 6
379 9
380 6
381 0
382 0
383 18
384 1
385 18
386 3
387 12
388 6
389 6
390 6
391 12
392 0
393 15
394 6
395 12
396 6
397 18
398 0
399 0
400 6
401 0
402 9
403 12
404 0
405 18
406 0
407 6
408 3
409 12
410 0
411 12
412 12
413 0
414 0
415 12
416 0
417 3
418 6
419 12
420 6
421 18
422 9
423 18
424 0
425 9
426 6
427 18
428 0
429 6
430 0
431 6
432 3
433 27
434 6
435 6
436 6
437 6
438 3
439 6
440 0
441 12
442 6
443 9
444 0
445 6
446 0
447 18
448 0
449 9
450 9
451 15
452 3
453 12
454 6
455 6
456 3
457 9
458 6
459 12
460 12
461 18
462 0
463 18
464 0
465 6
466 6
467 21
468 6
469 0
470 0
471 6
472 3
473 15
474 6
475 12
476 6
477 18
478 0
479 0
480 0
481 12
482 6
483 6
484 3
485 6
486 4
487 18
488 6
489 12
490 6
491 3
492 9
493 30
494 0
495 18
496 0
497 6
498 6
499 12
500 6
501 6
502 9
503 12
504 0
505 18
506 6
507 18
508 0
509 6
510 0
511 12
512 0
513 6
514 12
515 6
516 3
517 18
518 0
519 6
520 6
521 6
522 6
523 15
524 3
525 24
526 0
527 6
528 3
529 18
530 0
531 12
532 6
533 12
534 6
535 24
536 0
537 15
538 18
539 9
540 6
541 0
542 0
543 18
544 3
545 6
546 0
547 15
548 12
549 12
550 6
551 6
552 0
553 18
554 0
555 6
556 3
557 12
558 0
559 12
560 6
561 6
562 9
563 9
564 6
565 24
566 3
567 24
568 0
569 9
570 12
571 6
572 6
573 12
574 0
575 12
576 0
577 21
578 9
579 15
580 6
581 12
582 3
583 18
584 3
585 12
586 6
587 12
588 6
589 0
590 0
591 12
592 0
593 12
594 6
595 24
596 0
597 6
598 12
599 6
600 1
601 9
602 6
603 12
604 6
605 24
606 0
607 18
608 3
609 12
610 6
611 6
612 12
613 24
614 0
615 12
616 6
617 15
618 6
619 18
620 0
621 18
622 0
623 0
624 0
625 18
626 9
627 21
628 12
629 0
630 6
631 18
632 0
633 9
634 6
635 6
636 6
637 12
638 0
639 12
640 0
641 9
642 9
643 27
644 6
645 6
646 3
647 18
648 6
649 21
650 6
651 6
652 12
653 12
654 0
655 12
656 0
657 24
658 12
659 0
660 0
661 24
662 3
663 24
664 6
665 12
666 12
667 18
668 0
669 0
670 0
671 12
672 0
673 18
674 3
675 15
676 6
677 12
678 9
679 6
680 0
681 15
682 6
683 9
684 12
685 24
686 0
687 12
688 3
689 6
690 6
691 21
692 6
693 18
694 3
695 18
696 0
697 21
698 12
699 15
700 6
701 6
702 0
703 12
704 3
705 12
706 9
707 18
708 9
709 12
710 6
711 6
712 6
713 24
714 0
715 18
716 3
717 24
718 0
719 6
720 6
721 0
722 6
723 9
724 6
725 6
726 4
727 30
728 0
729 18
730 12
731 9
732 6
733 24
734 0
735 18
736 0
737 9
738 12
739 21
740 6
741 6
742 12
743 12
744 0
745 18
746 0
747 21
748 15
749 12
750 0
751 12
752 6
753 12
754 12
755 18
756 0
757 18
758 0
759 6
760 0
761 9
762 12
763 18
764 6
765 30
766 0
767 0
768 0
769 24
770 6
771 9
772 3
773 12
774 6
775 30
776 3
777 6
778 12
779 6
780 12
781 12
782 0
783 36
784 0
785 6
786 3
787 27
788 12
789 12
790 6
791 6
792 6
793 24
794 0
795 12
796 6
797 12
798 0
799 18
800 0
801 18
802 15
803 18
804 3
805 18
806 6
807 12
808 6
809 6
810 12
811 3
812 6
813 6
814 0
815 12
816 3
817 39
818 3
819 12
820 12
821 12
822 3
823 18
824 0
825 21
826 12
827 21
828 6
829 18
830 0
831 12
832 0
833 9
834 9
835 12
836 9
837 24
838 9
839 12
840 6
841 12
842 6
843 33
844 0
845 6
846 0
847 18
848 0
849 9
850 15
851 12
852 6
853 24
854 6
855 6
856 3
857 15
858 6
859 15
860 12
861 18
862 0
863 18
864 1
865 18
866 6
867 12
868 6
869 6
870 0
871 24
872 6
873 24
874 12
875 18
876 6
877 24
878 0
879 6
880 6
881 12
882 15
883 24
884 0
885 24
886 6
887 6
888 0
889 18
890 0
891 15
892 18
893 12
894 0
895 24
896 0
897 12
898 6
899 12
900 12
901 18
902 6
903 24
904 0
905 0
906 6
907 24
908 3
909 12
910 0
911 12
912 6
913 30
914 9
915 6
916 12
917 24
918 12
919 12
920 0
921 15
922 18
923 12
924 0
925 18
926 0
927 24
928 6
929 15
930 6
931 18
932 3
933 18
934 3
935 12
936 6
937 24
938 12
939 12
940 12
941 6
942 0
943 36
944 0
945 18
946 3
947 6
948 12
949 6
950 9
951 12
952 0
953 3
954 12
955 36
956 0
957 30
958 0
959 12
960 0
961 18
962 6
963 12
964 9
965 12
966 6
967 24
968 3
969 18
970 12
971 15
972 9
973 24
974 0
975 18
976 6
977 18
978 9
979 18
980 12
981 6
982 6
983 24
984 3
985 24
986 0
987 12
988 12
989 12
990 0
991 6
992 0
993 27
994 12
995 18
996 3
997 30
998 3
999 18
1000 6
