1000 6
1001 0
1002 12
1003 15
1004 6
1005 18
1006 0
1007 24
1008 0
1009 9
1010 6
1011 9
1012 12
1013 18
1014 7
1015 24
1016 0
1017 24
1018 12
1019 15
1020 12
1021 24
1022 0
1023 24
1024 0
1025 6
1026 9
1027 30
1028 9
1029 6
1030 6
1031 0
1032 9
1033 33
1034 12
1035 36
1036 0
1037 12
1038 0
1039 18
1040 0
1041 6
1042 21
1043 12
1044 6
1045 36
1046 6
1047 0
1048 3
1049 18
1050 6
1051 12
1052 6
1053 24
1054 0
1055 12
1056 3
1057 24
1058 6
1059 9
1060 12
1061 6
1062 6
1063 30
1064 6
1065 18
1066 12
1067 9
1068 9
1069 12
1070 0
1071 30
1072 3
1073 18
1074 3
1075 27
1076 6
1077 30
1078 12
1079 12
1080 0
1081 24
1082 0
1083 27
1084 12
1085 6
1086 0
1087 24
1088 3
1089 18
1090 18
1091 9
1092 6
1093 18
1094 0
1095 12
1096 3
1097 33
1098 18
1099 12
1100 9
1101 6
1102 0
1103 12
1104 6
1105 30
1106 0
1107 24
1108 12
1109 12
1110 0
1111 30
1112 6
1113 6
1114 6
1115 0
1116 6
1117 24
1118 0
1119 12
1120 0
1121 18
1122 15
1123 33
1124 6
1125 30
1126 15
1127 18
1128 0
1129 9
1130 12
1131 24
1132 9
1133 12
1134 0
1135 18
1136 6
1137 27
1138 18
1139 15
1140 6
1141 18
1142 3
1143 24
1144 0
1145 6
1146 6
1147 36
1148 12
1149 18
1150 0
1151 12
1152 3
1153 30
1154 3
1155 12
1156 6
1157 12
1158 15
1159 6
1160 0
1161 18
1162 12
1163 15
1164 9
1165 30
1166 0
1167 18
1168 6
1169 12
1170 12
1171 18
1172 6
1173 6
1174 3
1175 24
1176 1
1177 27
1178 12
1179 18
1180 6
1181 18
1182 0
1183 24
1184 0
1185 18
1186 15
1187 15
1188 21
1189 30
1190 6
1191 12
1192 12
1193 18
1194 0
1195 30
1196 6
1197 24
1198 0
1199 6
1200 0
1201 18
1202 6
1203 36
1204 12
1205 6
1206 6
1207 36
1208 0
1209 6
1210 12
1211 12
1212 12
1213 24
1214 0
1215 30
1216 0
1217 9
1218 6
1219 18
1220 0
1221 18
1222 12
1223 12
1224 6
1225 24
1226 6
1227 9
1228 15
1229 12
1230 0
1231 12
1232 6
1233 30
1234 9
1235 18
1236 0
1237 42
1238 3
1239 18
1240 6
1241 12
1242 18
1243 33
1244 12
1245 12
1246 0
1247 18
1248 0
1249 21
1250 12
1251 12
1252 12
1253 24
1254 6
1255 30
1256 0
1257 27
1258 18
1259 6
1260 12
1261 6
1262 0
1263 24
1264 0
1265 18
1266 15
1267 30
1268 0
1269 18
1270 12
1271 6
1272 0
1273 21
1274 6
1275 21
1276 12
1277 24
1278 0
1279 30
1280 0
1281 6
1282 6
1283 6
1284 12
1285 24
1286 0
1287 30
1288 12
1289 9
1290 12
1291 21
1292 3
1293 24
1294 0
1295 12
1296 3
1297 21
1298 18
1299 9
1300 18
1301 18
1302 6
1303 30
1304 3
1305 42
1306 6
1307 21
1308 6
1309 30
1310 0
1311 6
1312 3
1313 24
1314 9
1315 36
1316 6
1317 6
1318 9
1319 12
1320 6
1321 18
1322 12
1323 33
1324 9
1325 12
1326 0
1327 24
1328 9
1329 9
1330 6
1331 3
1332 18
1333 36
1334 6
1335 18
1336 0
1337 24
1338 6
1339 6
1340 6
1341 18
1342 0
1343 12
1344 0
1345 30
1346 3
1347 39
1348 12
1349 12
1350 7
1351 18
1352 0
1353 15
1354 18
1355 18
1356 9
1357 36
1358 0
1359 24
1360 6
1361 6
1362 18
1363 30
1364 0
1365 18
1366 9
1367 18
1368 3
1369 24
1370 6
1371 21
1372 12
1373 24
1374 0
1375 30
1376 3
1377 33
1378 24
1379 12
1380 6
1381 18
1382 6
1383 6
1384 6
1385 18
1386 6
1387 18
1388 12
1389 18
1390 0
1391 24
1392 6
1393 36
1394 3
1395 18
1396 6
1397 0
1398 12
1399 30
1400 0
1401 9
1402 24
1403 18
1404 0
1405 24
1406 0
1407 18
1408 0
1409 0
1410 12
1411 30
1412 15
1413 30
1414 6
1415 18
1416 3
1417 30
1418 0
1419 24
1420 18
1421 12
1422 0
1423 36
1424 3
1425 24
1426 12
1427 15
1428 18
1429 18
1430 6
1431 24
1432 3
1433 24
1434 12
1435 18
1436 12
1437 24
1438 0
1439 0
1440 6
1441 39
1442 6
1443 24
1444 3
1445 18
1446 3
1447 42
1448 6
1449 12
1450 12
1451 15
1452 9
1453 30
1454 0
1455 12
1456 0
1457 18
1458 6
