Case #1: 374867874 874867473
Case #2: 364669874 964663874
Case #3: 197557112 917557112
Case #4: 244558747 844554727
Case #5: 145578093 945178053
Case #6: 133343270 731343230
Case #7: 155662982 955612682
Case #8: 397609664 997604663
Case #9: 272956348 972456328
Case #10: 139294502 939214502
Case #11: 0 0
Case #12: 176048690 976018640
Case #13: 10 10
Case #14: 181355259 981355251
Case #15: 376660869 976660863
Case #16: 349039537 949037533
Case #17: 140687092 940187062
Case #18: 999999999 999999999
Case #19: 338536400 834536300
Case #20: 9990999 9990999
