660
added an edge 40 10 49 1
added an edge 40 10 62 7
added an edge 40 10 63 4
added an edge 40 10 72 0
added an edge 40 10 77 2
added an edge 40 10 83 10
added an edge 49 1 62 7
added an edge 49 1 63 4
added an edge 49 1 72 0
added an edge 49 1 77 2
added an edge 49 1 83 10
added an edge 49 1 86 6
added an edge 49 1 90 3
added an edge 49 1 93 4
added an edge 62 7 63 4
added an edge 62 7 72 0
added an edge 62 7 77 2
added an edge 62 7 83 10
added an edge 62 7 86 6
added an edge 62 7 90 3
added an edge 62 7 93 4
added an edge 63 4 72 0
added an edge 63 4 77 2
added an edge 63 4 83 10
added an edge 63 4 86 6
added an edge 63 4 90 3
added an edge 63 4 93 4
added an edge 72 0 77 2
added an edge 72 0 83 10
added an edge 72 0 86 6
added an edge 72 0 90 3
added an edge 72 0 93 4
added an edge 77 2 83 10
added an edge 77 2 86 6
added an edge 77 2 90 3
added an edge 77 2 93 4
added an edge 83 10 86 6
added an edge 83 10 90 3
added an edge 83 10 93 4
added an edge 86 6 90 3
added an edge 86 6 93 4
added an edge 90 3 93 4
