Case #1: 
11111111111111001011110110110111 3 2 5 2 7 2 3 2 11
10101111001111010001110011111111 3 2 5 2 7 2 3 2 11
11101001101110110111101111000001 11 2 7 2 5 2 5 2 23
10101111010000111110011000001011 3 5 7 3 11 103 3 211 17
10010011000101001010101001110001 3 2 5 2 7 2 3 2 11
10010001010000001100010001110001 11 7 5 149 191 47 37 5 7
11111101101110101101000100011011 3 2 5 2 5 2 3 2 11
10100111011011110101100101100001 19 2 3 2 23 2 269 2 3
11011100101001101011101110011001 3 7 11 3 31 43 3 73 7
10001010110010111000110011100111 11 7 5 521 11 11 11 5 7
10000010011010000010100100100011 5 61 5 71 487 5 17 5 19
10011110011101011111001000001011 3 2 3 2 7 2 3 2 3
10000011001110101011111000101001 3 2 7 2 17 2 3 2 47
11010011100110110011001000100101 3 2 5 2 7 2 3 2 7
10101001010111000110010110010001 3 5 3 3 5 3 3 17 3
11111100011100111101111001000101 31 2 7 2 5 2 167 2 7
10010010000111001000000100111111 3 2 5 2 7 2 3 2 11
11110111001001001011011100111111 29 11 3 11 11 3 7 881 3
11110110101001011001000000010101 3 251 3 3 5 3 3 199 3
11001010011101110111111011111111 3 2 3 2 7 2 3 2 3
11001111010101010111001100101001 43 2 3 2 17 2 23 2 3
10100101110011010100000101010011 11 61 3 521 5 3 11 5 3
10011011000001101111011110000001 3 2 5 2 7 2 3 2 11
11101111110000010001110111111101 3 13 3 3 43 3 3 7 3
11111100011110000000111111001111 3 2 5 2 5 2 3 2 11
11110111111111001110100010110101 3 2 5 2 7 2 3 2 11
10111011000111111110101100100011 53 2 59 2 5 2 5 2 7
11101110101110010001011111100011 61 2 13 2 5 2 263 2 19
10100100111011101010001101010111 7 2 3 2 43 2 73 2 3
10010011000000111110111101011101 509 2 3 2 409 2 79 2 3
10011000110000111100001001110111 3 2 5 2 7 2 3 2 11
11111111110110110011110110100001 3 2 5 2 7 2 3 2 11
11111000010000011000001100001001 3 2 3 2 7 2 3 2 3
10100011100101101000011101100101 3 2 5 2 7 2 3 2 11
10111100010001001000000110011111 17 37 3 7 5 3 29 43 3
11001111110100111111100110100111 3 2 5 2 7 2 3 2 11
11101111101001101101001111101111 3 23 23 3 19 5 3 43 37
10111101110011001111111000100111 7 5 3 31 23 3 5 7 3
10110011111111011000101000111011 17 2 7 2 5 2 17 2 7
11111101001001010110011001101101 3 7 13 3 31 43 3 73 7
11000011100000001100110111000111 7 7 3 31 5 3 13 7 3
11100010100110001000110011101101 5 2 151 2 59 2 239 2 13
11010100110010110001110000010001 5 2 191 2 17 2 7 2 31
11000111010101011110100111100001 7 2 3 2 43 2 73 2 3
10110101100001100101110000100101 3 11 3 3 5 3 3 7 3
10001101011010100001111000001011 3 7 3 3 5 3 3 73 3
11110000101110010000000100010101 3 7 13 3 31 43 3 73 7
10111010101100100100010010010011 3 5 3 3 5 3 3 29 3
10111000100000111010010101011101 3 2 5 2 7 2 3 2 11
10011111100111011001000011101111 3 2 5 2 5 2 3 2 11
10001111110100100011110000110001 3 2 5 2 7 2 3 2 11
10111001110100001001010100100111 167 2 11 2 17 2 5 2 149
11000111011111100010000000100001 3 2 5 2 7 2 3 2 11
10100100100101110100101000110001 3 2 5 2 7 2 3 2 11
10001000011110000100000011011001 3 2 3 2 7 2 3 2 3
10111000011000101001111110000001 3 17 3 3 5 3 3 11 3
11000100110001011100101110111011 3 2 3 2 7 2 3 2 3
10101001010100101001001011010111 3 2 5 2 7 2 3 2 11
11110001101000010101110110111001 5 2 3 2 43 2 73 2 3
11000011000110111001011011100001 3 2 5 2 7 2 3 2 7
10011111000001001001010101100111 5 2 7 2 17 2 5 2 101
10101011010000010010011101001111 3 2 5 2 7 2 3 2 11
11100000111110110011011001001101 3 2 3 2 7 2 3 2 3
10000001101100100001101011100011 5 2 7 2 131 2 7 2 127
11011000011100000111110100001001 3 5 3 3 5 3 3 107 3
11010011010010100110110110011011 3 2 3 2 7 2 3 2 3
11110011111110101001000000100111 7 2 3 2 43 2 73 2 3
11001111110111110000101100011101 5 2 11 2 5 2 31 2 41
10010011111000000100000110110111 31 5 3 11 5 3 5 11 3
10000001010110011000010010010011 29 2 3 2 197 2 59 2 3
10111111110000001010101001110101 5 2 3 2 37 2 5 2 3
10001111100101100111111110110001 3 2 5 2 5 2 3 2 11
10101001010011011010110000110101 3 2 5 2 7 2 3 2 11
10110100111011001011001010000001 3 127 3 3 5 3 3 17 3
11100010010010100000101100100111 5 2 7 2 13 2 7 2 13
10101100010011101001101101011101 3 2 3 2 7 2 3 2 3
10001000101011100011010011100001 7 2 31 2 307 2 7 2 487
10000010100010001001010011001111 3 109 17 3 29 23 3 13 17
10110011110110110000011111100111 3 2 5 2 5 2 3 2 11
10000100001010101000011010111011 3 2 7 2 23 2 3 2 101
11110100101111110001000011100011 3 2 3 2 7 2 3 2 3
11000000011011010110011010100111 3 2 5 2 7 2 3 2 11
10110000111101100001111110110111 3 2 5 2 5 2 3 2 11
10011101001111101111011011101101 3 2 5 2 7 2 3 2 11
11001010111001100001010010111101 7 5 37 7 311 137 5 7 281
11100001110100111101110100010101 3 2 3 2 11 2 3 2 3
11001111111000111111000001010001 5 2 3 2 37 2 5 2 3
10010101101101101000110111111111 19 5 3 457 29 3 5 19 3
10011110100111100010111100100101 5 2 3 2 13 2 5 2 3
11010010000101111000110100000111 3 17 3 3 5 3 3 89 3
10001000110100101110001100101111 5 2 7 2 37 2 5 2 13
10111101000001110010001000110111 3 2 5 2 7 2 3 2 11
11001101100100110010000001100011 3 2 5 2 7 2 3 2 7
11111111011011111001011011010001 5 2 17 2 17 2 5 2 101
10111111111110100110101101110111 53 2 3 2 107 2 5 2 3
11100110001001000100010111100011 7 5 3 31 5 3 5 7 3
11101011000111101100101000100001 5 2 17 2 37 2 5 2 13
11110100111010001100010000110011 3 2 5 2 7 2 3 2 11
10011011001100100000101111101111 5 2 3 2 439 2 11 2 3
11011000001110111100011100110101 7 2 3 2 43 2 11 2 3
11010100011010010111010010111001 3 7 13 3 17 37 3 7 7
10001001011000011101110001000111 3 7 3 3 5 3 3 73 3
11101000110000111100000111000001 3 2 5 2 7 2 3 2 11
11001001100000000110010110101111 5 13 3 31 5 3 73 7 3
10100010001001011001110110011101 3 2 5 2 7 2 3 2 7
11010010001100000110100011001101 3 2 5 2 7 2 3 2 7
11100010001001101111011110100011 11 2 3 2 17 2 13 2 3
11110000101110011000110000110101 3 2 5 2 7 2 3 2 11
10100100111110101111011010110001 3 7 13 3 13 43 3 73 7
11101111101110101011101111001101 29 5 5 251 11 19 5 5 17
11011010100010000111110011000101 3 2 5 2 7 2 3 2 11
11101001011110001100001000010101 37 331 3 7 5 3 17 53 3
11100000100111011110101100000101 3 2 5 2 7 2 3 2 11
11101011011000011110101001111111 3 5 3 3 29 3 3 73 3
10110011000011011000101101110111 3 2 3 2 7 2 3 2 3
10010001001110000110010010000011 3 2 3 2 7 2 3 2 3
10010110000100011001010110101001 5 2 11 2 13 2 7 2 71
10101010111010001111111001111111 3 2 13 2 13 2 3 2 7
10110010001100110000110110111111 53 2 3 2 13 2 5 2 3
11000010010111100000110000110101 7 2 11 2 19 2 7 2 103
11011001110011010111101010101101 3 2 5 2 5 2 3 2 11
11001110000011110100111011110111 3 2 5 2 5 2 3 2 11
11100101011010000000001000011111 3 2 5 2 7 2 3 2 11
10001110010010001000101111101011 3 2 127 2 137 2 3 2 149
10100010011010101110100111010001 5 2 7 2 37 2 5 2 7
10101110010000000011000110011011 13 2 257 2 13 2 7 2 13
11111000010101001101101000111011 3 2 3 2 7 2 3 2 3
11100101000110010111100111101101 3 5 7 3 257 17 3 59 13
10010101010011001100011101010001 5 137 3 193 5 3 137 499 3
10101110000000010000111010000101 19 2 3 2 47 2 67 2 3
10011011000010101000110101010111 3 2 5 2 7 2 3 2 11
11100000000110111000100001101101 7 2 311 2 107 2 7 2 7
11100000110001000011010111001011 157 5 3 23 5 3 5 17 3
11011101001100100100011100110001 17 2 23 2 13 2 11 2 73
11010000111010011011100010110111 11 2 3 2 23 2 17 2 3
11110011001011011100000100010001 3 757 3 3 5 3 3 19 3
10101000111111010111010100001101 7 2 3 2 43 2 73 2 3
10111011000100100100101001010001 3 2 5 2 7 2 3 2 11
10001000000010011010100100001001 17 2 17 2 5 2 179 2 241
10011100111100100001100011000011 7 5 3 11 5 3 5 7 3
10101111100100101101010011100101 3 2 3 2 7 2 3 2 3
11001010101110111110110001110011 5 2 17 2 5 2 5 2 17
11100001011001010001000000111001 3 5 53 3 11 19 3 269 7
11110101000011101101011100111101 5 2 7 2 5 2 5 2 101
10110011100011100011011001000101 3 2 5 2 7 2 3 2 11
10100000111101010001010111100101 5 2 17 2 37 2 5 2 7
11111011000111100111011011001111 3 2 5 2 7 2 3 2 11
10101111011111111000101000110111 3 7 3 3 31 3 3 7 3
11100010111110110110101011101001 3 2 23 2 5 2 3 2 23
11010101001100000001111100000101 3 2 7 2 19 2 3 2 569
11110001101011110100110011100111 3 2 5 2 5 2 3 2 11
10011110000111101100001011100011 3 7 107 3 11 17 3 199 7
11001000010011011110101101001111 3 2 3 2 7 2 3 2 3
10000111010001100001110011010001 13 2 7 2 31 2 7 2 41
10000110110000010110001011010011 3 2 5 2 7 2 3 2 11
10010110010010001001111111011011 3 2 3 2 7 2 3 2 3
11101101011111000000111101100111 487 2 7 2 5 2 5 2 7
10010100000110111010110111001111 3 2 3 2 7 2 3 2 3
11000001110100110100010110011101 3 2 13 2 31 2 3 2 7
11111111000111001001101000010011 3 2 3 2 7 2 3 2 3
10001011010100110000001111001111 3 2 5 2 7 2 3 2 11
10001000000000100010011011000011 223 2 317 2 5 2 29 2 7
10110011011001110111010011111001 13 2 11 2 5 2 5 2 41
11100001000001010010110101101001 5 2 17 2 23 2 5 2 7
11010011111000111001011101100111 7 2 29 2 5 2 5 2 19
11010011000111010011000100011011 19 2 7 2 743 2 23 2 7
11011110010010011011110000000011 3 2 5 2 7 2 3 2 11
11100011000101100100010001100101 7 2 83 2 193 2 7 2 223
10100111101101110001100010001111 23 2 3 2 107 2 19 2 3
10010110100000110001100100001001 3 2 3 2 7 2 3 2 3
10110110001000000111001111100001 7 13 3 31 5 3 11 7 3
10110100111011000010111011101001 5 2 3 2 281 2 53 2 3
10110100000001010011111111101011 3 2 3 2 7 2 3 2 3
11101110100000101101010000000101 3 2 5 2 7 2 3 2 11
10100101110101111111001101011011 3 5 3 3 13 3 3 101 3
11000101111011101100001111110011 3 2 5 2 5 2 3 2 11
11111010001001111101110111101011 5 2 7 2 37 2 5 2 7
10011100101111010000010111100001 5 2 19 2 11 2 53 2 31
11010000010000111010100100001111 3 2 5 2 7 2 3 2 7
10001101110110111000011010100011 3 5 13 3 31 43 3 73 7
11110011000110011000110000011011 3 2 5 2 7 2 3 2 11
10010000001111000011000000111111 3 2 5 2 7 2 3 2 11
11000100100101100110001010110011 431 5 3 23 5 3 5 239 3
10101011001000111101111000111111 29 2 19 2 5 2 11 2 41
11101010101110000011111000011011 3 2 3 2 59 2 3 2 3
11101010000101010100011101100111 3 29 73 3 19 409 3 53 53
11000110101111001000010011010011 3 2 5 2 7 2 3 2 11
11010101111110100101111110100111 5 2 17 2 37 2 5 2 7
10000010110111001000011010011111 31 2 23 2 67 2 5 2 7
10000111101100101001011101111111 3 2 5 2 5 2 3 2 11
11000011110101110110111111001101 3 5 3 3 43 3 3 7 3
10001010110100001111101000100111 5 2 17 2 19 2 5 2 101
11010010001101010110111000110111 23 2 3 2 431 2 11 2 3
11000011010011101101000000000001 61 2 3 2 11 2 479 2 3
10110110010010000010111100111011 3 7 7 3 31 5 3 19 7
10010000111110111100011000010011 3 2 5 2 7 2 3 2 11
10011101001110101111000011001101 3 2 3 2 7 2 3 2 3
10011111101101000010001001010001 709 5 3 101 5 3 5 37 3
11101010100001000101000110011111 3 2 5 2 7 2 3 2 11
11101000100110101011000110101111 3 2 3 2 13 2 3 2 3
11000111100100111011000001111011 3 2 3 2 7 2 3 2 3
11110001101100001110110111011111 7 5 3 31 43 3 5 7 3
10111101010001101001101100101101 3 2 3 2 7 2 3 2 3
11011111011101000001101010110111 7 2 11 2 5 2 193 2 7
10010101011001111100010010110001 5 2 17 2 37 2 5 2 19
10101010100101011010101101111101 3 7 13 3 31 5 3 73 7
11110001001001010100000110000001 13 2 3 2 13 2 227 2 3
11101000000001110011010011100101 5 167 3 23 5 3 67 97 3
10100010111000010111100111011101 3 2 3 2 7 2 3 2 3
10010110110100010010110101100001 3 17 3 3 5 3 3 11 3
11111110100001010000101010010101 3 2 5 2 7 2 3 2 11
11010000111000110110100001101001 7 13 3 31 5 3 29 7 3
10110001001110010010010001101001 3 2 5 2 7 2 3 2 11
11001001011111110000000101001001 3 5 3 3 5 3 3 7 3
10001111010110100111000100010101 19 2 11 2 11 2 157 2 89
11101101001010100011010000010001 3 2 5 2 7 2 3 2 11
11011011101101001110000111010001 17 2 3 2 13 2 97 2 3
10001111000011000100001001001111 3 2 5 2 7 2 3 2 11
10000101110011000110111001111011 3 2 3 2 7 2 3 2 3
10011111101011111000010010010101 3 2 3 2 7 2 3 2 3
11100110000011011111111101001111 311 11 3 677 11 3 7 11 3
10100101011110101100110011111101 3 2 5 2 5 2 3 2 7
10000110000101100011110100111001 13 5 3 7 5 3 5 31 3
11111001101000100111110010111111 3 13 3 3 11 3 3 7 3
11000101000100111000100100101011 3 2 5 2 7 2 3 2 11
10000000100110010010101110101101 37 2 7 2 401 2 7 2 19
11001011001111111101110000000011 3 2 3 2 7 2 3 2 3
10000110111001011110000100001001 3 2 5 2 7 2 3 2 11
11100001001101001100110100001101 3 31 3 3 5 3 3 7 3
11101000110101100010010111011011 3 2 3 2 7 2 3 2 3
10110111111100010001100111101011 3 2 5 2 5 2 3 2 11
10111010110010001010000010111001 17 11 3 13 5 3 79 971 3
10100100110011101000101001000111 3 11 3 3 5 3 3 17 3
10100001110010011110101101010111 3 2 3 2 7 2 3 2 3
10111110010000110111000000110011 3 2 5 2 7 2 3 2 11
11010100111011100011010110110111 13 2 71 2 5 2 29 2 13
10001111110011100111101100100001 5 2 3 2 37 2 5 2 3
11001011110011100001110001001111 3 2 3 2 7 2 3 2 3
11000101110111000011110000001001 3 7 3 3 5 3 3 359 3
11010111001011011001111101101001 37 2 7 2 5 2 17 2 89
10111100101110101000010111001011 5 2 3 2 43 2 23 2 3
11110011001011011010000101100001 3 2 5 2 7 2 3 2 7
10100011010100001101000100000101 11 2 3 2 307 2 11 2 3
11111110110011110101110100100001 149 2 7 2 5 2 19 2 149
11110101111011111110100001110011 3 2 5 2 7 2 3 2 11
11100000000000111100001101100001 3 2 3 2 7 2 3 2 3
10110110101110101101100111011011 3 29 3 3 71 3 3 37 3
10011011100100111110110110010001 3 2 3 2 7 2 3 2 3
11010000001011100000011110100101 3 2 5 2 7 2 3 2 11
10101101110000000010111001110001 7 13 3 31 5 3 41 7 3
10001110010110110101100110110011 3 2 3 2 7 2 3 2 3
11110001001000000110001000110111 3 2 5 2 7 2 3 2 11
11101111000111001000011111111111 3 2 5 2 7 2 3 2 7
10001001000111101001001001011111 3 2 5 2 7 2 3 2 11
10010101101111100000111000101111 5 2 3 2 11 2 5 2 3
11000100000010001000100011010111 3 2 3 2 7 2 3 2 3
11000100100011100001111111011011 3 2 3 2 7 2 3 2 3
10100010001100101011110000101011 7 13 3 31 5 3 13 7 3
10001111011001010001000111111011 821 2 3 2 29 2 53 2 3
11010000010110101000000001111011 3 2 5 2 7 2 3 2 11
10100011000011010001001010110101 3 2 5 2 7 2 3 2 7
10000010011010110110001000001111 5 2 13 2 239 2 7 2 89
10101111111110011101110111001001 3 2 5 2 7 2 3 2 11
10110100101001101010111011011111 41 2 179 2 5 2 17 2 79
11100100010111001101000111001101 19 5 5 167 13 11 5 5 109
11001011101001011011000000011101 3 2 5 2 7 2 3 2 11
10100101001011001110001100011011 409 2 7 2 113 2 47 2 41
11110100001110010001101100101111 3 2 3 2 7 2 3 2 3
10101011100111011010110100110111 7 2 23 2 5 2 5 2 73
11101100000001110100111000000011 3 2 5 2 7 2 3 2 11
11110010101100010011001010000101 37 7 3 13 5 3 487 23 3
11011101000010101011000010111011 3 509 127 3 13 269 3 79 53
10011110000000000000111100011001 3 2 3 2 7 2 3 2 3
10111111110111010000101001001001 3 2 3 2 7 2 3 2 3
10011110111110011000000010111101 37 2 3 2 17 2 5 2 3
10001100110111100000001100110001 3 2 5 2 7 2 3 2 7
11001011100111100101001011100101 3 2 3 2 7 2 3 2 3
11110011111000010111001011001001 3 2 3 2 7 2 3 2 3
10010101000100010001011100010111 11 2 23 2 13 2 7 2 541
11011011010100111000111001111011 3 2 5 2 5 2 3 2 11
10100011110111111011000010100011 5 2 3 2 23 2 29 2 3
11111111001101110100101000110011 3 2 5 2 5 2 3 2 11
11010100011001111100100101010111 3 2 3 2 31 2 3 2 3
10010000000110001010010011110011 5 7 23 31 719 5 11 109 7
10001000101111000001111000101101 3 7 3 3 5 3 3 73 3
11100000100100100101111010010001 3 2 5 2 7 2 3 2 11
11101101000001110011010011010001 5 2 11 2 31 2 5 2 43
11001011101100001110010000101001 3 41 3 3 5 3 3 31 3
11101100010101100111110010001101 23 2 3 2 23 2 5 2 3
10111010100000111101110100010001 3 2 5 2 7 2 3 2 11
11010000001011110011111111100001 3 2 3 2 7 2 3 2 3
11101010011101110110111001011001 3 2 5 2 5 2 3 2 11
10001001110111111110000001011011 3 2 3 2 7 2 3 2 3
10110111101100001110010000010011 3 2 5 2 7 2 3 2 11
11111000101000100010011000001111 11 5 3 191 5 3 5 5 3
10010010110000100010010000110101 3 2 3 2 7 2 3 2 3
10010111000001100001111001101011 3 2 5 2 7 2 3 2 11
11100000100010011000110111010001 3 2 5 2 7 2 3 2 11
11111000001110110111100000110101 3 2 3 2 7 2 3 2 3
11000100100000010011010111100101 167 2 23 2 11 2 7 2 89
11110000001100000111110110010011 5 2 7 2 19 2 137 2 7
11010010100011011011001010110111 11 2 3 2 17 2 19 2 3
10101011010110011001000001001001 3 2 5 2 7 2 3 2 11
10101111100101001000101110001111 5 2 3 2 11 2 19 2 3
10000001010111111000000110100011 3 2 5 2 7 2 3 2 11
11000110010101110011001010001011 3 2 5 2 7 2 3 2 11
10010101101100101011110010110101 3 2 3 2 7 2 3 2 3
10100101011101010011001111111111 3 733 3 3 17 3 3 19 3
11011100010100100110100101111001 3 7 11 3 13 43 3 73 7
10110011101001000111100001010011 3 2 5 2 7 2 3 2 11
11001001000111110110000110100011 3 2 5 2 7 2 3 2 11
10000110010001101101001101101011 3 2 5 2 7 2 3 2 11
10111111000010001000000001011101 3 2 5 2 7 2 3 2 11
10001101101000010011100001001101 3 2 5 2 7 2 3 2 11
10000011001101111111100000011111 3 2 3 2 7 2 3 2 3
11110001110011100010000011101001 11 2 13 2 19 2 577 2 439
11001000011000100000000100001101 3 2 5 2 5 2 3 2 11
10101111011000010111000011100111 3 2 3 2 7 2 3 2 3
10000110000111010001010000001001 3 5 7 3 23 31 3 101 17
11100100100111011100110001000101 11 2 7 2 23 2 11 2 83
10010110110001001000011010011101 107 43 3 19 5 3 13 67 3
10011011110101010110100000110001 19 2 7 2 11 2 5 2 281
10010110100100101101100000110001 3 2 5 2 7 2 3 2 11
11111001110001110100111111010101 5 13 3 11 43 3 7 5 3
10111010110100111001011001110001 3 2 3 2 7 2 3 2 3
10110100111011101100000001011001 3 2 5 2 7 2 3 2 11
11000111001110100010000101101101 3 2 5 2 7 2 3 2 11
11011110011010111001011110011001 3 2 5 2 5 2 3 2 11
10110101111000011011011101000111 3 7 13 3 31 5 3 73 7
10001000011011010001111110011111 3 2 3 2 7 2 3 2 3
10101000011001001010011001100111 3 5 3 3 5 3 3 19 3
11111000111000111010001101111011 7 2 883 2 5 2 137 2 13
10100111101111011111100110010111 3 2 5 2 7 2 3 2 11
10101001010100111001100000110001 3 2 5 2 7 2 3 2 11
10001111011010111010101100101001 3 2 3 2 449 2 3 2 3
10111001010100110010001010110101 3 2 5 2 7 2 3 2 11
11101000011110110000101100011111 7 2 3 2 43 2 73 2 3
10100110001100000110111000001001 3 5 19 3 13 107 3 211 29
11001101001111000101000000100111 3 523 3 3 5 3 3 71 3
10000110011000011100000111011001 13 2 7 2 11 2 7 2 13
10011010110001011111110110001111 3 2 5 2 5 2 3 2 11
11001000101110110110000000010101 3 2 5 2 7 2 3 2 11
11000001010110000010110011011001 163 2 73 2 11 2 7 2 13
11001100101110001100011010010101 3 2 5 2 7 2 3 2 7
10110111000001110100010010001101 3 11 3 3 5 3 3 11 3
11100010100100101111101011100011 3 2 3 2 19 2 3 2 3
10000100011010111110000011011101 3 2 5 2 7 2 3 2 11
10111100111000000100001111000101 29 5 3 7 5 3 5 11 3
10000000101010011000110111100011 5 2 103 2 11 2 7 2 17
10011010010011110000111111110111 3 2 5 2 5 2 3 2 11
11001101000011010001010111111011 5 2 3 2 163 2 17 2 3
11001101110100110000111110011001 7 2 3 2 43 2 5 2 3
10100101110100100111110011101001 3 2 3 2 7 2 3 2 3
11110001001011111110001011000101 3 2 3 2 7 2 3 2 3
10100100001011111011010001010011 3 2 5 2 7 2 3 2 11
10001101100110010101101110101101 3 2 3 2 7 2 3 2 3
11001111010000110010001010110101 3 2 5 2 7 2 3 2 11
10000001111101010010101000100111 5 13 3 31 5 3 73 7 3
10001000001100110100000010101011 7 2 3 2 43 2 11 2 3
11111011111011001010010100110011 31 2 19 2 5 2 17 2 7
10011110011110001101011010001101 3 2 3 2 7 2 3 2 3
11100011101100111100000010001001 3 19 3 3 5 3 3 29 3
11000110111101110011100101010001 7 2 3 2 43 2 73 2 3
11010010101100101011111101010111 3 2 5 2 5 2 3 2 11
10110010010011101010110110010111 5 2 3 2 37 2 5 2 3
10000110011010000111100011011101 3 2 5 2 7 2 3 2 7
11011010001010100011110001011111 5 2 3 2 37 2 5 2 3
11010011011011100010000111111001 3 2 3 2 7 2 3 2 3
10011101110011001111100000111001 3 2 3 2 7 2 3 2 3
10101110110111010101101101101001 3 2 5 2 5 2 3 2 11
10100000111101000000001100101001 83 2 3 2 41 2 17 2 3
10101110110000111010000111100001 5 2 17 2 11 2 5 2 101
11111110111101011001000100100101 3 7 13 3 31 43 3 73 7
11110100100000010000011011101001 3 2 5 2 7 2 3 2 11
11011011000100000100111000101101 11 449 3 883 5 3 11 31 3
10011100110010011011000001001001 3 2 5 2 7 2 3 2 7
10100111000101001000001100111001 3 2 5 2 7 2 3 2 11
11100010100110111100001011110101 5 2 3 2 11 2 5 2 3
10000110111000111110101000001001 7 13 3 31 5 3 73 5 3
10000101011001001111000101111101 613 13 5 7 17 47 41 5 421
11111111101010101010111110000011 17 7 3 37 7 3 7 109 3
10100010001101101101001110110111 5 2 3 2 269 2 11 2 3
11011100111100101101000111110111 3 19 3 3 113 3 3 71 3
11110111001110100001100101010011 7 2 3 2 11 2 5 2 3
11101110001000100101100110010101 3 2 5 2 7 2 3 2 11
10001010100100011111101110000001 3 5 3 3 5 3 3 7 3
11101000100111100011111101010001 3 2 3 2 7 2 3 2 3
10000001010101110110010011111001 5 2 17 2 19 2 5 2 7
10100011001001000110000101010001 347 2 3 2 163 2 5 2 3
10001111000101111111000110000101 3 103 13 3 13 5 3 19 41
11110010011100110001111000000011 3 2 5 2 7 2 3 2 11
11011000110110001010011001010011 3 2 5 2 7 2 3 2 7
11101101100100000000110110101101 3 2 5 2 7 2 3 2 11
11100100000010011111110100010011 23 2 7 2 11 2 151 2 7
10001110100100100100001101011001 3 2 5 2 7 2 3 2 11
11100011111111001110000100100011 7 2 3 2 43 2 11 2 3
11100110100101100110001011111111 101 2 29 2 5 2 23 2 7
10011001110000100011001100111101 3 2 5 2 7 2 3 2 11
10011011000110101111011101001111 3 2 5 2 5 2 3 2 11
11110011010110111000110110011011 3 2 5 2 5 2 3 2 11
10110111010001101011010001101011 3 2 3 2 7 2 3 2 3
10011000011000001101000101111101 3 5 3 3 5 3 3 127 3
11001110000011010110001111011111 709 5 997 199 23 11 5 13 7
11010100001010010010111111110101 5 2 3 2 17 2 5 2 3
11010100100011000101011110100001 3 13 3 3 5 3 3 7 3
10001111110000001110100111101011 7 2 3 2 11 2 5 2 3
10001010110010100101110111010111 3 2 3 2 7 2 3 2 3
11110010010110111001100011111011 37 2 19 2 5 2 5 2 61
10101000110000110110000111100001 5 2 7 2 37 2 5 2 7
10101000110111101000100101111111 3 31 7 3 157 11 3 47 821
10111001110110000111101010001101 7 2 3 2 11 2 5 2 3
10011010110000100101000010011011 29 2 283 2 17 2 7 2 19
10000100000111001110101101101101 3 2 5 2 7 2 3 2 11
10011001010010100100110011110011 3 2 5 2 7 2 3 2 11
10001100011011010011101010010001 7 5 3 53 5 3 5 7 3
10001100011100010010101001010101 5 2 17 2 37 2 5 2 7
10100011000001100101001011110111 3 2 5 2 7 2 3 2 11
11110111001000001100011011101101 3 2 3 2 7 2 3 2 3
11111001010010010010011101101011 3 2 3 2 7 2 3 2 3
11010100001111011011101001100101 5 2 3 2 13 2 5 2 3
11100011010000001100010110111101 79 2 11 2 19 2 139 2 61
10001110000111011010001111011011 7 2 3 2 19 2 31 2 3
11011001110010000000100111100001 3 2 5 2 7 2 3 2 11
11100000000011010011010011011101 3 7 3 3 5 3 3 7 3
10100010011000110110100101000101 3 2 5 2 7 2 3 2 11
10001111011011101101010111001011 3 2 5 2 5 2 3 2 7
10001001000011111010011010111101 3 5 13 3 31 23 3 73 7
10100010010111011111011111010111 3 7 3 3 29 3 3 23 3
11011011100101110010000100010001 3 5 3 3 5 3 3 11 3
11001000010000100011011011011111 3 2 5 2 7 2 3 2 11
10100111011011000000111100100101 3 2 5 2 7 2 3 2 11
11001110000100010111011001100101 17 2 19 2 11 2 17 2 13
10000100000100110010011010111001 17 5 7 23 79 11 5 11 97
10000111100010011101110110111111 3 2 5 2 5 2 3 2 11
10011100101110101110011000001001 37 2 109 2 13 2 11 2 97
11000100101001100001101001111101 3 2 5 2 7 2 3 2 11
11101110010111111001110001111011 3 2 5 2 7 2 3 2 11
11000000000010111111101001010001 3 2 5 2 7 2 3 2 11
10011000011100010000101111010011 271 181 3 463 5 3 797 17 3
11000011011111100010001000001001 431 2 13 2 19 2 7 2 61
10000001010110011001001001001001 997 2 3 2 463 2 17 2 3
10110111011111000011001110010111 317 2 43 2 5 2 29 2 163
11000000000101100110101011011001 3 2 5 2 7 2 3 2 11
11111110100110011010110000000101 7 37 43 191 617 31 11 7 181
10000110000000001010111100110001 631 2 3 2 109 2 167 2 3
10100111100001001111010100000011 7 7 3 31 5 3 73 7 3
11100111111110010010110111000111 131 7 3 11 17 3 7 43 3
11110011011001010000111110001101 5 2 3 2 37 2 5 2 3
10010100010000101001011101110101 7 13 3 31 5 3 73 5 3
10111101101101110101010111011101 3 2 13 2 31 2 3 2 7
10011010011111001000000100011111 3 2 5 2 7 2 3 2 7
11000010011111110000001010000101 3 2 5 2 7 2 3 2 11
11000011110101011000111100101101 11 2 3 2 13 2 89 2 3
10010101000001000000110111101101 79 2 23 2 23 2 5 2 73
11101001101011111010111100101011 101 71 3 7 7 3 7 29 3
11010010101111001101011011010111 89 2 397 2 5 2 59 2 17
10011110110100001001000000101111 7 5 3 11 5 3 5 7 3
10111000011000011100111100001101 3 2 5 2 7 2 3 2 11
10110011100010011101110111011011 3 2 5 2 5 2 3 2 11
11000101100011100111000100111111 5 2 3 2 37 2 5 2 3
11000010010100010001000001001111 5 2 3 2 37 2 5 2 3
11001101001101010110111000110001 3 7 13 3 31 11 3 73 7
11001011100011110000011100111101 3 2 3 2 7 2 3 2 3
10110100001011011110000000001101 3 2 5 2 7 2 3 2 11
10010110010110000000010101001111 47 2 23 2 977 2 7 2 29
11101101010011111111011011101111 3 2 3 2 7 2 3 2 3
11000111110110001111000001101101 353 2 3 2 11 2 109 2 3
11111101010001011110101001100101 3 11 331 3 137 73 3 7 79
10111110001001010001011001101001 3 2 5 2 7 2 3 2 11
10000011011001101000011001101011 3 383 3 3 5 3 3 83 3
10001010110001000110100110101101 3 199 3 3 5 3 3 59 3
10100101100110111001010000011001 7 5 3 31 5 3 5 7 3
10111000101110111110001011000111 29 7 5 11 499 113 11 5 7
10000011011011001111000111101011 5 2 3 2 11 2 5 2 3
11001010111101110100110110000001 5 19 19 151 11 5 89 17 251
10001011011100101011110100110011 17 2 3 2 167 2 5 2 3
11010010001000111001101000101101 3 5 3 3 5 3 3 47 3
11110111001111001110110011101101 3 2 5 2 7 2 3 2 11
10011101000101110001100011001001 3 29 3 3 5 3 3 11 3
10100001011111100111001110011001 3 2 3 2 7 2 3 2 3
11111100011010110101001010011111 3 2 5 2 5 2 3 2 11
10010111001001010000111000110001 37 2 7 2 13 2 7 2 7
11101101001000011110010101001101 3 5 43 3 29 11 3 29 307
10100110001100010010111111010001 3 2 5 2 7 2 3 2 11
10100111111111101010001000101001 3 2 3 2 593 2 3 2 3
10000010010010111100011111100101 3 2 5 2 7 2 3 2 11
11001111100001011000010010001001 3 2 5 2 7 2 3 2 11
10111100001010011110100011101101 7 2 3 2 43 2 5 2 3
11001001101001011111101101110011 3 2 5 2 5 2 3 2 11
10101011100011001000101101000011 61 5 3 383 5 3 5 5 3
11001001100111000011011101100111 5 2 3 2 37 2 5 2 3
11110110010100001111010001010111 3 2 3 2 19 2 3 2 3
11100101011001111110101111001111 3 2 5 2 7 2 3 2 11
10000100010110011010110101010101 13 11 3 467 5 3 37 5 3
10100011011001110100011011110011 3 2 3 2 7 2 3 2 3
10100001001110100111110011111001 7 2 3 2 43 2 73 2 3
10101101000010010111010011111011 3 2 3 2 7 2 3 2 3
10111000110110010011000100111111 3 2 3 2 7 2 3 2 3
10000011110000000100110010001101 3 2 3 2 7 2 3 2 3
10010011111010010100110101001101 3 7 13 3 11 29 3 73 7
