471193722
452180473
217101507
204032356
359993956
750991537
879467736
633245753
204310938
518359750
619742646
719561036
988970165
285567998
5735967
373294451
60029427
526818025
795415280
285567998
340808120
236615781
147524579
48786078
497444627
503044
710829966
464157011
704647280
487018703
633511960
147524579
870177108
1
1
1
1
1
1
1
1
1
1
1
1
1
1
1
1
1
1
1
1
1
1
1
1
1
1
1
1
1
1
1
1
1
1
1
1
1
1
1
1
1
1
1
1
1
1
1
1
1
1
1
1
1
1
1
1
1
1
1
1
1
1
1
1
1
1
1
1
1
1
1
1
1
1
1
1
1
1
1
1
1
1
1
1
1
1
1
1
1
1
1
1
1
1
1
1
1
1
1
1
1
1
1
1
1
1
1
1
1
1
1
1
1
1
1
1
1
1
1
1
1
1
1
1
1
