ans_one 8 [1, 2, 3, 1, 2, 3] = 4
ans_one 1 [] = inf
ans_one 7 [2, 3, 1, 2, 3] = inf
ans_one 1 [1] = 1
ans_one 7 [3, 1, 2, 3] = inf
ans_one 1 [1, 2] = 1
ans_one 7 [1, 2, 3] = inf
ans_one 1 [1, 2, 3] = 1
ans_one 7 [2, 3] = inf
ans_one 1 [1, 2, 3, 1] = 1
ans_one 7 [3] = inf
ans_one 1 [1, 2, 3, 1, 2] = 1
ans_one 7 [] = inf
ans_one 2 [] = inf
ans_one 6 [2, 3, 1, 2, 3] = 3
ans_one 2 [1] = inf
ans_one 6 [3, 1, 2, 3] = 3
ans_one 2 [1, 2] = 1
ans_one 6 [1, 2, 3] = 3
ans_one 2 [1, 2, 3] = 1
ans_one 6 [2, 3] = inf
ans_one 2 [1, 2, 3, 1] = 1
ans_one 6 [3] = inf
ans_one 2 [1, 2, 3, 1, 2] = 1
ans_one 6 [] = inf
ans_one 3 [] = inf
ans_one 5 [2, 3, 1, 2, 3] = 2
ans_one 3 [1] = inf
ans_one 5 [3, 1, 2, 3] = 2
ans_one 3 [1, 2] = 2
ans_one 5 [1, 2, 3] = 2
ans_one 3 [1, 2, 3] = 1
ans_one 5 [2, 3] = 2
ans_one 3 [1, 2, 3, 1] = 1
ans_one 5 [3] = inf
ans_one 3 [1, 2, 3, 1, 2] = 1
ans_one 5 [] = inf
ans_one 4 [] = inf
ans_one 4 [2, 3, 1, 2, 3] = 2
ans_one 4 [1] = inf
ans_one 4 [3, 1, 2, 3] = 2
ans_one 4 [1, 2] = inf
ans_one 4 [1, 2, 3] = inf
ans_one 4 [1, 2, 3] = inf
ans_one 4 [2, 3] = inf
ans_one 4 [1, 2, 3, 1] = 2
ans_one 4 [3] = inf
ans_one 4 [1, 2, 3, 1, 2] = 2
ans_one 4 [] = inf
ans_one 5 [] = inf
ans_one 3 [2, 3, 1, 2, 3] = 1
ans_one 5 [1] = inf
ans_one 3 [3, 1, 2, 3] = 1
ans_one 5 [1, 2] = inf
ans_one 3 [1, 2, 3] = 1
ans_one 5 [1, 2, 3] = 2
ans_one 3 [2, 3] = 1
ans_one 5 [1, 2, 3, 1] = 2
ans_one 3 [3] = 1
ans_one 5 [1, 2, 3, 1, 2] = 2
ans_one 3 [] = inf
ans_one 6 [] = inf
ans_one 2 [2, 3, 1, 2, 3] = 1
ans_one 6 [1] = inf
ans_one 2 [3, 1, 2, 3] = 1
ans_one 6 [1, 2] = inf
ans_one 2 [1, 2, 3] = 1
ans_one 6 [1, 2, 3] = 3
ans_one 2 [2, 3] = 1
ans_one 6 [1, 2, 3, 1] = 3
ans_one 2 [3] = inf
ans_one 6 [1, 2, 3, 1, 2] = 3
ans_one 2 [] = inf
ans_one 7 [] = inf
ans_one 1 [2, 3, 1, 2, 3] = 1
ans_one 7 [1] = inf
ans_one 1 [3, 1, 2, 3] = 1
ans_one 7 [1, 2] = inf
ans_one 1 [1, 2, 3] = 1
ans_one 7 [1, 2, 3] = inf
ans_one 1 [2, 3] = inf
ans_one 7 [1, 2, 3, 1] = 4
ans_one 1 [3] = inf
ans_one 7 [1, 2, 3, 1, 2] = 4
ans_one 1 [] = inf
Case #1: 3
