Case #1: 
1000001111110011 17 5 3 173 11 3 5 19 3
1101010011011001 3 7 3 3 31 3 3 11 3
1111111111110011 3 2 5 2 7 2 3 2 11
1011010001001011 3 2 5 2 7 2 3 2 11
1000000110110111 3 2 5 2 7 2 3 2 11
1001010001001101 3 7 13 3 31 5 3 73 7
1100000011010001 13 2 3 2 5857 2 29 2 3
1011110010011101 3 2 5 2 5 2 3 2 7
1110110001001011 241 5 3 12281 983 3 5 79 3
1111111101111101 5 2 7 2 11 2 5 2 79
1111100111010001 31 2 11 2 5 2 31 2 7
1000100011010001 3 2 3 2 7 2 3 2 3
1101000100110001 3 7 13 3 31 43 3 73 7
1010000110110101 3 2 5 2 7 2 3 2 11
1100100011010011 3 2 5 2 7 2 3 2 11
1001000011101101 3 2 5 2 7 2 3 2 11
1011111000001011 3 7 3 3 31 3 3 73 3
1111110001110001 5 2 17 2 5 2 5 2 101
1100101100010011 3 2 5 2 7 2 3 2 11
1000110101100111 53 23 3 229 641 3 11 877 3
1110110000010001 223 107 11 97 29 251 7 563 51977
1011011111111111 3 2 5 2 7 2 3 2 11
1101101010011011 191 2 7 2 5 2 1013 2 173
1110001101111001 3 2 5 2 5 2 3 2 11
1101111110001001 3 2 5 2 5 2 3 2 11
1100000111011001 5 2 41 2 29 2 23 2 23
1111110100100101 5 2 7 2 5 2 5 2 101
1101111111111011 3 2 5 2 7 2 3 2 7
1011100010010101 3 2 5 2 7 2 3 2 11
1010011000010111 3 2 5 2 7 2 3 2 11
1011100010111001 3 571 3 3 257 3 3 6781 3
1100111110100001 23 101 3 21211 137 3 17 23 3
1110101010001011 97 7 3 43 719 3 1578001 5 3
1010001110000011 3 5 89 3 1201 101 3 508909 29
1101101100100111 3 2 5 2 5 2 3 2 11
1011110000000111 3 2 5 2 7 2 3 2 11
1110100101000101 7 2 2803 2 107 2 181 2 43
1100011001101001 3 2 5 2 7 2 3 2 11
1110101101010011 3 2 5 2 5 2 3 2 11
1010010101011111 5 2 17 2 5 2 5 2 23
1101001110011011 3 2 5 2 5 2 3 2 11
1010011010101101 3 19 3 3 23 3 3 32801 3
1101001000111001 3 2 5 2 7 2 3 2 11
1001000100001111 5 7 67 142319 21673 5 7 7 7
1101010001110101 137 11 3 11 317 3 23 5 3
1110011010100001 17 2 127 2 193 2 64453 2 157
1001010101011001 13 2 11 2 1297 2 17 2 73
1010110101011011 3 2 5 2 5 2 3 2 7
1100111011110111 3 2 3 2 7 2 3 2 3
1111000100011101 3 409 3 3 61 3 3 19 3
